Terminals unused in grammar

   PE_PREFIX_RAW
   PE_PREFIX_GROUP
   PE_ERROR


Grammar

    0 $accept: start $end

    1 start: PE_START_EVENTS start_events
    2      | PE_START_TERMS start_terms

    3 start_events: groups

    4 groups: groups ',' group
    5       | groups ',' event
    6       | group
    7       | event

    8 group: group_def ':' PE_MODIFIER_EVENT
    9      | group_def

   10 group_def: PE_NAME '{' events '}'
   11          | '{' events '}'

   12 events: events ',' event
   13       | event

   14 event: event_mod

   15 event_mod: event_name PE_MODIFIER_EVENT
   16          | event_name

   17 event_name: PE_EVENT_NAME event_def
   18           | event_def

   19 event_def: event_pmu
   20          | event_legacy_symbol
   21          | event_legacy_cache sep_dc
   22          | event_legacy_mem
   23          | event_legacy_tracepoint sep_dc
   24          | event_legacy_numeric sep_dc
   25          | event_legacy_raw sep_dc

   26 event_pmu: PE_NAME '/' event_config '/'

   27 value_sym: PE_VALUE_SYM_HW
   28          | PE_VALUE_SYM_SW

   29 event_legacy_symbol: value_sym '/' event_config '/'
   30                    | value_sym sep_slash_dc

   31 event_legacy_cache: PE_NAME_CACHE_TYPE '-' PE_NAME_CACHE_OP_RESULT '-' PE_NAME_CACHE_OP_RESULT
   32                   | PE_NAME_CACHE_TYPE '-' PE_NAME_CACHE_OP_RESULT
   33                   | PE_NAME_CACHE_TYPE

   34 event_legacy_mem: PE_PREFIX_MEM PE_VALUE ':' PE_MODIFIER_BP sep_dc
   35                 | PE_PREFIX_MEM PE_VALUE sep_dc

   36 event_legacy_tracepoint: PE_NAME ':' PE_NAME

   37 event_legacy_numeric: PE_VALUE ':' PE_VALUE

   38 event_legacy_raw: PE_RAW

   39 start_terms: event_config

   40 event_config: event_config ',' event_term
   41             | event_term

   42 event_term: PE_NAME '=' PE_NAME
   43           | PE_NAME '=' PE_VALUE
   44           | PE_NAME '=' PE_VALUE_SYM_HW
   45           | PE_NAME
   46           | PE_VALUE_SYM_HW
   47           | PE_TERM '=' PE_NAME
   48           | PE_TERM '=' PE_VALUE
   49           | PE_TERM

   50 sep_dc: ':'
   51       | %empty

   52 sep_slash_dc: '/'
   53             | ':'
   54             | %empty


Terminals, with rules where they appear

$end (0) 0
',' (44) 4 5 12 40
'-' (45) 31 32
'/' (47) 26 29 52
':' (58) 8 34 36 37 50 53
'=' (61) 42 43 44 47 48
'{' (123) 10 11
'}' (125) 10 11
error (256)
PE_START_EVENTS (258) 1
PE_START_TERMS (259) 2
PE_VALUE (260) 34 35 37 43 48
PE_VALUE_SYM_HW (261) 27 44 46
PE_VALUE_SYM_SW (262) 28
PE_RAW (263) 38
PE_TERM (264) 47 48 49
PE_EVENT_NAME (265) 17
PE_NAME (266) 10 26 36 42 43 44 45 47
PE_MODIFIER_EVENT (267) 8 15
PE_MODIFIER_BP (268) 34
PE_NAME_CACHE_TYPE (269) 31 32 33
PE_NAME_CACHE_OP_RESULT (270) 31 32
PE_PREFIX_MEM (271) 34 35
PE_PREFIX_RAW (272)
PE_PREFIX_GROUP (273)
PE_ERROR (274)


Nonterminals, with rules where they appear

$accept (27)
    on left: 0
start (28)
    on left: 1 2, on right: 0
start_events (29)
    on left: 3, on right: 1
groups (30)
    on left: 4 5 6 7, on right: 3 4 5
group (31)
    on left: 8 9, on right: 4 6
group_def (32)
    on left: 10 11, on right: 8 9
events (33)
    on left: 12 13, on right: 10 11 12
event (34)
    on left: 14, on right: 5 7 12 13
event_mod (35)
    on left: 15 16, on right: 14
event_name (36)
    on left: 17 18, on right: 15 16
event_def (37)
    on left: 19 20 21 22 23 24 25, on right: 17 18
event_pmu (38)
    on left: 26, on right: 19
value_sym (39)
    on left: 27 28, on right: 29 30
event_legacy_symbol (40)
    on left: 29 30, on right: 20
event_legacy_cache (41)
    on left: 31 32 33, on right: 21
event_legacy_mem (42)
    on left: 34 35, on right: 22
event_legacy_tracepoint (43)
    on left: 36, on right: 23
event_legacy_numeric (44)
    on left: 37, on right: 24
event_legacy_raw (45)
    on left: 38, on right: 25
start_terms (46)
    on left: 39, on right: 2
event_config (47)
    on left: 40 41, on right: 26 29 39 40
event_term (48)
    on left: 42 43 44 45 46 47 48 49, on right: 40 41
sep_dc (49)
    on left: 50 51, on right: 21 23 24 25 34 35
sep_slash_dc (50)
    on left: 52 53 54, on right: 30


State 0

    0 $accept: . start $end

    PE_START_EVENTS  shift, and go to state 1
    PE_START_TERMS   shift, and go to state 2

    start  go to state 3


State 1

    1 start: PE_START_EVENTS . start_events

    PE_VALUE            shift, and go to state 4
    PE_VALUE_SYM_HW     shift, and go to state 5
    PE_VALUE_SYM_SW     shift, and go to state 6
    PE_RAW              shift, and go to state 7
    PE_EVENT_NAME       shift, and go to state 8
    PE_NAME             shift, and go to state 9
    PE_NAME_CACHE_TYPE  shift, and go to state 10
    PE_PREFIX_MEM       shift, and go to state 11
    '{'                 shift, and go to state 12

    start_events             go to state 13
    groups                   go to state 14
    group                    go to state 15
    group_def                go to state 16
    event                    go to state 17
    event_mod                go to state 18
    event_name               go to state 19
    event_def                go to state 20
    event_pmu                go to state 21
    value_sym                go to state 22
    event_legacy_symbol      go to state 23
    event_legacy_cache       go to state 24
    event_legacy_mem         go to state 25
    event_legacy_tracepoint  go to state 26
    event_legacy_numeric     go to state 27
    event_legacy_raw         go to state 28


State 2

    2 start: PE_START_TERMS . start_terms

    PE_VALUE_SYM_HW  shift, and go to state 29
    PE_TERM          shift, and go to state 30
    PE_NAME          shift, and go to state 31

    start_terms   go to state 32
    event_config  go to state 33
    event_term    go to state 34


State 3

    0 $accept: start . $end

    $end  shift, and go to state 35


State 4

   37 event_legacy_numeric: PE_VALUE . ':' PE_VALUE

    ':'  shift, and go to state 36


State 5

   27 value_sym: PE_VALUE_SYM_HW .

    $default  reduce using rule 27 (value_sym)


State 6

   28 value_sym: PE_VALUE_SYM_SW .

    $default  reduce using rule 28 (value_sym)


State 7

   38 event_legacy_raw: PE_RAW .

    $default  reduce using rule 38 (event_legacy_raw)


State 8

   17 event_name: PE_EVENT_NAME . event_def

    PE_VALUE            shift, and go to state 4
    PE_VALUE_SYM_HW     shift, and go to state 5
    PE_VALUE_SYM_SW     shift, and go to state 6
    PE_RAW              shift, and go to state 7
    PE_NAME             shift, and go to state 37
    PE_NAME_CACHE_TYPE  shift, and go to state 10
    PE_PREFIX_MEM       shift, and go to state 11

    event_def                go to state 38
    event_pmu                go to state 21
    value_sym                go to state 22
    event_legacy_symbol      go to state 23
    event_legacy_cache       go to state 24
    event_legacy_mem         go to state 25
    event_legacy_tracepoint  go to state 26
    event_legacy_numeric     go to state 27
    event_legacy_raw         go to state 28


State 9

   10 group_def: PE_NAME . '{' events '}'
   26 event_pmu: PE_NAME . '/' event_config '/'
   36 event_legacy_tracepoint: PE_NAME . ':' PE_NAME

    ':'  shift, and go to state 39
    '{'  shift, and go to state 40
    '/'  shift, and go to state 41


State 10

   31 event_legacy_cache: PE_NAME_CACHE_TYPE . '-' PE_NAME_CACHE_OP_RESULT '-' PE_NAME_CACHE_OP_RESULT
   32                   | PE_NAME_CACHE_TYPE . '-' PE_NAME_CACHE_OP_RESULT
   33                   | PE_NAME_CACHE_TYPE .

    '-'  shift, and go to state 42

    $default  reduce using rule 33 (event_legacy_cache)


State 11

   34 event_legacy_mem: PE_PREFIX_MEM . PE_VALUE ':' PE_MODIFIER_BP sep_dc
   35                 | PE_PREFIX_MEM . PE_VALUE sep_dc

    PE_VALUE  shift, and go to state 43


State 12

   11 group_def: '{' . events '}'

    PE_VALUE            shift, and go to state 4
    PE_VALUE_SYM_HW     shift, and go to state 5
    PE_VALUE_SYM_SW     shift, and go to state 6
    PE_RAW              shift, and go to state 7
    PE_EVENT_NAME       shift, and go to state 8
    PE_NAME             shift, and go to state 37
    PE_NAME_CACHE_TYPE  shift, and go to state 10
    PE_PREFIX_MEM       shift, and go to state 11

    events                   go to state 44
    event                    go to state 45
    event_mod                go to state 18
    event_name               go to state 19
    event_def                go to state 20
    event_pmu                go to state 21
    value_sym                go to state 22
    event_legacy_symbol      go to state 23
    event_legacy_cache       go to state 24
    event_legacy_mem         go to state 25
    event_legacy_tracepoint  go to state 26
    event_legacy_numeric     go to state 27
    event_legacy_raw         go to state 28


State 13

    1 start: PE_START_EVENTS start_events .

    $default  reduce using rule 1 (start)


State 14

    3 start_events: groups .
    4 groups: groups . ',' group
    5       | groups . ',' event

    ','  shift, and go to state 46

    $default  reduce using rule 3 (start_events)


State 15

    6 groups: group .

    $default  reduce using rule 6 (groups)


State 16

    8 group: group_def . ':' PE_MODIFIER_EVENT
    9      | group_def .

    ':'  shift, and go to state 47

    $default  reduce using rule 9 (group)


State 17

    7 groups: event .

    $default  reduce using rule 7 (groups)


State 18

   14 event: event_mod .

    $default  reduce using rule 14 (event)


State 19

   15 event_mod: event_name . PE_MODIFIER_EVENT
   16          | event_name .

    PE_MODIFIER_EVENT  shift, and go to state 48

    $default  reduce using rule 16 (event_mod)


State 20

   18 event_name: event_def .

    $default  reduce using rule 18 (event_name)


State 21

   19 event_def: event_pmu .

    $default  reduce using rule 19 (event_def)


State 22

   29 event_legacy_symbol: value_sym . '/' event_config '/'
   30                    | value_sym . sep_slash_dc

    ':'  shift, and go to state 49
    '/'  shift, and go to state 50

    $default  reduce using rule 54 (sep_slash_dc)

    sep_slash_dc  go to state 51


State 23

   20 event_def: event_legacy_symbol .

    $default  reduce using rule 20 (event_def)


State 24

   21 event_def: event_legacy_cache . sep_dc

    ':'  shift, and go to state 52

    $default  reduce using rule 51 (sep_dc)

    sep_dc  go to state 53


State 25

   22 event_def: event_legacy_mem .

    $default  reduce using rule 22 (event_def)


State 26

   23 event_def: event_legacy_tracepoint . sep_dc

    ':'  shift, and go to state 52

    $default  reduce using rule 51 (sep_dc)

    sep_dc  go to state 54


State 27

   24 event_def: event_legacy_numeric . sep_dc

    ':'  shift, and go to state 52

    $default  reduce using rule 51 (sep_dc)

    sep_dc  go to state 55


State 28

   25 event_def: event_legacy_raw . sep_dc

    ':'  shift, and go to state 52

    $default  reduce using rule 51 (sep_dc)

    sep_dc  go to state 56


State 29

   46 event_term: PE_VALUE_SYM_HW .

    $default  reduce using rule 46 (event_term)


State 30

   47 event_term: PE_TERM . '=' PE_NAME
   48           | PE_TERM . '=' PE_VALUE
   49           | PE_TERM .

    '='  shift, and go to state 57

    $default  reduce using rule 49 (event_term)


State 31

   42 event_term: PE_NAME . '=' PE_NAME
   43           | PE_NAME . '=' PE_VALUE
   44           | PE_NAME . '=' PE_VALUE_SYM_HW
   45           | PE_NAME .

    '='  shift, and go to state 58

    $default  reduce using rule 45 (event_term)


State 32

    2 start: PE_START_TERMS start_terms .

    $default  reduce using rule 2 (start)


State 33

   39 start_terms: event_config .
   40 event_config: event_config . ',' event_term

    ','  shift, and go to state 59

    $default  reduce using rule 39 (start_terms)


State 34

   41 event_config: event_term .

    $default  reduce using rule 41 (event_config)


State 35

    0 $accept: start $end .

    $default  accept


State 36

   37 event_legacy_numeric: PE_VALUE ':' . PE_VALUE

    PE_VALUE  shift, and go to state 60


State 37

   26 event_pmu: PE_NAME . '/' event_config '/'
   36 event_legacy_tracepoint: PE_NAME . ':' PE_NAME

    ':'  shift, and go to state 39
    '/'  shift, and go to state 41


State 38

   17 event_name: PE_EVENT_NAME event_def .

    $default  reduce using rule 17 (event_name)


State 39

   36 event_legacy_tracepoint: PE_NAME ':' . PE_NAME

    PE_NAME  shift, and go to state 61


State 40

   10 group_def: PE_NAME '{' . events '}'

    PE_VALUE            shift, and go to state 4
    PE_VALUE_SYM_HW     shift, and go to state 5
    PE_VALUE_SYM_SW     shift, and go to state 6
    PE_RAW              shift, and go to state 7
    PE_EVENT_NAME       shift, and go to state 8
    PE_NAME             shift, and go to state 37
    PE_NAME_CACHE_TYPE  shift, and go to state 10
    PE_PREFIX_MEM       shift, and go to state 11

    events                   go to state 62
    event                    go to state 45
    event_mod                go to state 18
    event_name               go to state 19
    event_def                go to state 20
    event_pmu                go to state 21
    value_sym                go to state 22
    event_legacy_symbol      go to state 23
    event_legacy_cache       go to state 24
    event_legacy_mem         go to state 25
    event_legacy_tracepoint  go to state 26
    event_legacy_numeric     go to state 27
    event_legacy_raw         go to state 28


State 41

   26 event_pmu: PE_NAME '/' . event_config '/'

    PE_VALUE_SYM_HW  shift, and go to state 29
    PE_TERM          shift, and go to state 30
    PE_NAME          shift, and go to state 31

    event_config  go to state 63
    event_term    go to state 34


State 42

   31 event_legacy_cache: PE_NAME_CACHE_TYPE '-' . PE_NAME_CACHE_OP_RESULT '-' PE_NAME_CACHE_OP_RESULT
   32                   | PE_NAME_CACHE_TYPE '-' . PE_NAME_CACHE_OP_RESULT

    PE_NAME_CACHE_OP_RESULT  shift, and go to state 64


State 43

   34 event_legacy_mem: PE_PREFIX_MEM PE_VALUE . ':' PE_MODIFIER_BP sep_dc
   35                 | PE_PREFIX_MEM PE_VALUE . sep_dc

    ':'  shift, and go to state 65

    $default  reduce using rule 51 (sep_dc)

    sep_dc  go to state 66


State 44

   11 group_def: '{' events . '}'
   12 events: events . ',' event

    ','  shift, and go to state 67
    '}'  shift, and go to state 68


State 45

   13 events: event .

    $default  reduce using rule 13 (events)


State 46

    4 groups: groups ',' . group
    5       | groups ',' . event

    PE_VALUE            shift, and go to state 4
    PE_VALUE_SYM_HW     shift, and go to state 5
    PE_VALUE_SYM_SW     shift, and go to state 6
    PE_RAW              shift, and go to state 7
    PE_EVENT_NAME       shift, and go to state 8
    PE_NAME             shift, and go to state 9
    PE_NAME_CACHE_TYPE  shift, and go to state 10
    PE_PREFIX_MEM       shift, and go to state 11
    '{'                 shift, and go to state 12

    group                    go to state 69
    group_def                go to state 16
    event                    go to state 70
    event_mod                go to state 18
    event_name               go to state 19
    event_def                go to state 20
    event_pmu                go to state 21
    value_sym                go to state 22
    event_legacy_symbol      go to state 23
    event_legacy_cache       go to state 24
    event_legacy_mem         go to state 25
    event_legacy_tracepoint  go to state 26
    event_legacy_numeric     go to state 27
    event_legacy_raw         go to state 28


State 47

    8 group: group_def ':' . PE_MODIFIER_EVENT

    PE_MODIFIER_EVENT  shift, and go to state 71


State 48

   15 event_mod: event_name PE_MODIFIER_EVENT .

    $default  reduce using rule 15 (event_mod)


State 49

   53 sep_slash_dc: ':' .

    $default  reduce using rule 53 (sep_slash_dc)


State 50

   29 event_legacy_symbol: value_sym '/' . event_config '/'
   52 sep_slash_dc: '/' .

    PE_VALUE_SYM_HW  shift, and go to state 29
    PE_TERM          shift, and go to state 30
    PE_NAME          shift, and go to state 31

    $default  reduce using rule 52 (sep_slash_dc)

    event_config  go to state 72
    event_term    go to state 34


State 51

   30 event_legacy_symbol: value_sym sep_slash_dc .

    $default  reduce using rule 30 (event_legacy_symbol)


State 52

   50 sep_dc: ':' .

    $default  reduce using rule 50 (sep_dc)


State 53

   21 event_def: event_legacy_cache sep_dc .

    $default  reduce using rule 21 (event_def)


State 54

   23 event_def: event_legacy_tracepoint sep_dc .

    $default  reduce using rule 23 (event_def)


State 55

   24 event_def: event_legacy_numeric sep_dc .

    $default  reduce using rule 24 (event_def)


State 56

   25 event_def: event_legacy_raw sep_dc .

    $default  reduce using rule 25 (event_def)


State 57

   47 event_term: PE_TERM '=' . PE_NAME
   48           | PE_TERM '=' . PE_VALUE

    PE_VALUE  shift, and go to state 73
    PE_NAME   shift, and go to state 74


State 58

   42 event_term: PE_NAME '=' . PE_NAME
   43           | PE_NAME '=' . PE_VALUE
   44           | PE_NAME '=' . PE_VALUE_SYM_HW

    PE_VALUE         shift, and go to state 75
    PE_VALUE_SYM_HW  shift, and go to state 76
    PE_NAME          shift, and go to state 77


State 59

   40 event_config: event_config ',' . event_term

    PE_VALUE_SYM_HW  shift, and go to state 29
    PE_TERM          shift, and go to state 30
    PE_NAME          shift, and go to state 31

    event_term  go to state 78


State 60

   37 event_legacy_numeric: PE_VALUE ':' PE_VALUE .

    $default  reduce using rule 37 (event_legacy_numeric)


State 61

   36 event_legacy_tracepoint: PE_NAME ':' PE_NAME .

    $default  reduce using rule 36 (event_legacy_tracepoint)


State 62

   10 group_def: PE_NAME '{' events . '}'
   12 events: events . ',' event

    ','  shift, and go to state 67
    '}'  shift, and go to state 79


State 63

   26 event_pmu: PE_NAME '/' event_config . '/'
   40 event_config: event_config . ',' event_term

    ','  shift, and go to state 59
    '/'  shift, and go to state 80


State 64

   31 event_legacy_cache: PE_NAME_CACHE_TYPE '-' PE_NAME_CACHE_OP_RESULT . '-' PE_NAME_CACHE_OP_RESULT
   32                   | PE_NAME_CACHE_TYPE '-' PE_NAME_CACHE_OP_RESULT .

    '-'  shift, and go to state 81

    $default  reduce using rule 32 (event_legacy_cache)


State 65

   34 event_legacy_mem: PE_PREFIX_MEM PE_VALUE ':' . PE_MODIFIER_BP sep_dc
   50 sep_dc: ':' .

    PE_MODIFIER_BP  shift, and go to state 82

    $default  reduce using rule 50 (sep_dc)


State 66

   35 event_legacy_mem: PE_PREFIX_MEM PE_VALUE sep_dc .

    $default  reduce using rule 35 (event_legacy_mem)


State 67

   12 events: events ',' . event

    PE_VALUE            shift, and go to state 4
    PE_VALUE_SYM_HW     shift, and go to state 5
    PE_VALUE_SYM_SW     shift, and go to state 6
    PE_RAW              shift, and go to state 7
    PE_EVENT_NAME       shift, and go to state 8
    PE_NAME             shift, and go to state 37
    PE_NAME_CACHE_TYPE  shift, and go to state 10
    PE_PREFIX_MEM       shift, and go to state 11

    event                    go to state 83
    event_mod                go to state 18
    event_name               go to state 19
    event_def                go to state 20
    event_pmu                go to state 21
    value_sym                go to state 22
    event_legacy_symbol      go to state 23
    event_legacy_cache       go to state 24
    event_legacy_mem         go to state 25
    event_legacy_tracepoint  go to state 26
    event_legacy_numeric     go to state 27
    event_legacy_raw         go to state 28


State 68

   11 group_def: '{' events '}' .

    $default  reduce using rule 11 (group_def)


State 69

    4 groups: groups ',' group .

    $default  reduce using rule 4 (groups)


State 70

    5 groups: groups ',' event .

    $default  reduce using rule 5 (groups)


State 71

    8 group: group_def ':' PE_MODIFIER_EVENT .

    $default  reduce using rule 8 (group)


State 72

   29 event_legacy_symbol: value_sym '/' event_config . '/'
   40 event_config: event_config . ',' event_term

    ','  shift, and go to state 59
    '/'  shift, and go to state 84


State 73

   48 event_term: PE_TERM '=' PE_VALUE .

    $default  reduce using rule 48 (event_term)


State 74

   47 event_term: PE_TERM '=' PE_NAME .

    $default  reduce using rule 47 (event_term)


State 75

   43 event_term: PE_NAME '=' PE_VALUE .

    $default  reduce using rule 43 (event_term)


State 76

   44 event_term: PE_NAME '=' PE_VALUE_SYM_HW .

    $default  reduce using rule 44 (event_term)


State 77

   42 event_term: PE_NAME '=' PE_NAME .

    $default  reduce using rule 42 (event_term)


State 78

   40 event_config: event_config ',' event_term .

    $default  reduce using rule 40 (event_config)


State 79

   10 group_def: PE_NAME '{' events '}' .

    $default  reduce using rule 10 (group_def)


State 80

   26 event_pmu: PE_NAME '/' event_config '/' .

    $default  reduce using rule 26 (event_pmu)


State 81

   31 event_legacy_cache: PE_NAME_CACHE_TYPE '-' PE_NAME_CACHE_OP_RESULT '-' . PE_NAME_CACHE_OP_RESULT

    PE_NAME_CACHE_OP_RESULT  shift, and go to state 85


State 82

   34 event_legacy_mem: PE_PREFIX_MEM PE_VALUE ':' PE_MODIFIER_BP . sep_dc

    ':'  shift, and go to state 52

    $default  reduce using rule 51 (sep_dc)

    sep_dc  go to state 86


State 83

   12 events: events ',' event .

    $default  reduce using rule 12 (events)


State 84

   29 event_legacy_symbol: value_sym '/' event_config '/' .

    $default  reduce using rule 29 (event_legacy_symbol)


State 85

   31 event_legacy_cache: PE_NAME_CACHE_TYPE '-' PE_NAME_CACHE_OP_RESULT '-' PE_NAME_CACHE_OP_RESULT .

    $default  reduce using rule 31 (event_legacy_cache)


State 86

   34 event_legacy_mem: PE_PREFIX_MEM PE_VALUE ':' PE_MODIFIER_BP sep_dc .

    $default  reduce using rule 34 (event_legacy_mem)
